2024-01-13 10:31:01.835 [pool-3-thread-1] INFO  com.rs.mv.mvvs.client.catalog.from.scan.CurrentPathScanner - [client:400205]scan file in current open file directory(C:/Users/LENOVO/Downloads/bdc-v1.0.2/lib/presentation/home_page_screen)
2024-01-13 11:25:50.134 [pool-3-thread-1] INFO  com.rs.mv.mvvs.client.catalog.from.scan.CurrentPathScanner - [client:400205]scan file in current open file directory(C:/Users/LENOVO/Downloads/bdc-v1.0.2/lib/presentation/home_page_screen)
2024-01-13 11:26:05.945 [pool-3-thread-1] INFO  com.rs.mv.mvvs.client.catalog.from.scan.CurrentPathScanner - [client:400205]scan file in current open file directory(C:/Users/LENOVO/Downloads/bdc-v1.0.2/lib/presentation/home_page_screen)
2024-01-13 11:29:27.272 [pool-3-thread-1] INFO  com.rs.mv.mvvs.client.catalog.from.scan.CurrentPathScanner - [client:400205]scan file in current open file directory(C:/Users/LENOVO/Downloads/bdc-v1.0.2/lib/presentation/rewards_screen)
2024-01-13 11:29:34.908 [pool-3-thread-1] INFO  com.rs.mv.mvvs.client.catalog.from.scan.CurrentPathScanner - [client:400205]scan file in current open file directory(C:/Users/LENOVO/Downloads/bdc-v1.0.2/lib)
2024-01-13 11:29:37.059 [pool-3-thread-1] INFO  com.rs.mv.mvvs.client.catalog.from.scan.CurrentPathScanner - [client:400205]scan file in current open file directory(C:/Users/LENOVO/Downloads/bdc-v1.0.2/lib/presentation/rewards_screen)
2024-01-13 11:29:42.873 [pool-3-thread-1] INFO  com.rs.mv.mvvs.client.catalog.from.scan.CurrentPathScanner - [client:400205]scan file in current open file directory(C:/Users/LENOVO/Downloads/bdc-v1.0.2/lib/presentation/rewards_screen)
2024-01-13 11:29:43.955 [pool-3-thread-1] INFO  com.rs.mv.mvvs.client.catalog.from.scan.CurrentPathScanner - [client:400205]scan file in current open file directory(C:/Users/LENOVO/Downloads/bdc-v1.0.2/lib/presentation/home_page_screen)
2024-01-13 11:30:17.931 [pool-3-thread-1] INFO  com.rs.mv.mvvs.client.catalog.from.scan.CurrentPathScanner - [client:400205]scan file in current open file directory(C:/Users/LENOVO/Downloads/bdc-v1.0.2/lib/presentation/profile_screen)
2024-01-13 11:30:56.689 [pool-3-thread-1] INFO  com.rs.mv.mvvs.client.catalog.from.scan.CurrentPathScanner - [client:400205]scan file in current open file directory(C:/Users/LENOVO/Downloads/bdc-v1.0.2/lib/presentation/home_page_screen)
2024-01-13 11:34:48.207 [pool-3-thread-1] INFO  com.rs.mv.mvvs.client.catalog.from.scan.CurrentPathScanner - [client:400205]scan file in current open file directory(C:/Users/LENOVO/Downloads/bdc-v1.0.2/lib/presentation/profile_screen)
2024-01-13 11:38:32.114 [pool-3-thread-1] INFO  com.rs.mv.mvvs.client.catalog.from.scan.CurrentPathScanner - [client:400205]scan file in current open file directory(C:/Users/LENOVO/Downloads/bdc-v1.0.2/lib/presentation/home_page_screen)
2024-01-13 11:40:14.104 [pool-3-thread-1] INFO  com.rs.mv.mvvs.client.catalog.from.scan.CurrentPathScanner - [client:400205]scan file in current open file directory(C:/Users/LENOVO/Downloads/bdc-v1.0.2/lib/presentation/profile_screen)
2024-01-13 11:45:49.441 [pool-3-thread-1] INFO  com.rs.mv.mvvs.client.catalog.from.scan.CurrentPathScanner - [client:400205]scan file in current open file directory(C:/Users/LENOVO/Downloads/bdc-v1.0.2/lib/presentation/home_page_screen)
2024-01-13 11:50:35.496 [pool-3-thread-1] INFO  com.rs.mv.mvvs.client.catalog.from.scan.CurrentPathScanner - [client:400205]scan file in current open file directory(C:/Users/LENOVO/Downloads/bdc-v1.0.2/lib/presentation/profile_screen)
2024-01-13 11:50:45.940 [pool-3-thread-1] INFO  com.rs.mv.mvvs.client.catalog.from.scan.CurrentPathScanner - [client:400205]scan file in current open file directory(C:/Users/LENOVO/Downloads/bdc-v1.0.2/lib/presentation/home_page_screen)
2024-01-13 11:51:22.207 [pool-3-thread-1] INFO  com.rs.mv.mvvs.client.catalog.from.scan.CurrentPathScanner - [client:400205]scan file in current open file directory(C:/Users/LENOVO/Downloads/bdc-v1.0.2/lib/presentation/profile_screen)
2024-01-13 11:51:25.506 [pool-3-thread-1] INFO  com.rs.mv.mvvs.client.catalog.from.scan.CurrentPathScanner - [client:400205]scan file in current open file directory(C:/Users/LENOVO/Downloads/bdc-v1.0.2/lib/presentation/home_page_screen)
2024-01-13 11:53:07.576 [pool-3-thread-1] INFO  com.rs.mv.mvvs.client.catalog.from.scan.CurrentPathScanner - [client:400205]scan file in current open file directory(C:/Users/LENOVO/Downloads/bdc-v1.0.2/lib/presentation/profile_screen)
2024-01-13 11:54:12.180 [pool-3-thread-1] INFO  com.rs.mv.mvvs.client.catalog.from.scan.CurrentPathScanner - [client:400205]scan file in current open file directory(C:/Users/LENOVO/Downloads/bdc-v1.0.2/lib/presentation/rewards_screen)
2024-01-13 11:54:21.093 [pool-3-thread-1] INFO  com.rs.mv.mvvs.client.catalog.from.scan.CurrentPathScanner - [client:400205]scan file in current open file directory(C:/Users/LENOVO/Downloads/bdc-v1.0.2/lib/presentation/home_page_screen)
2024-01-13 11:54:30.156 [pool-3-thread-1] INFO  com.rs.mv.mvvs.client.catalog.from.scan.CurrentPathScanner - [client:400205]scan file in current open file directory(C:/Users/LENOVO/Downloads/bdc-v1.0.2/lib/presentation/profile_screen)
2024-01-13 11:54:32.349 [pool-3-thread-1] INFO  com.rs.mv.mvvs.client.catalog.from.scan.CurrentPathScanner - [client:400205]scan file in current open file directory(C:/Users/LENOVO/Downloads/bdc-v1.0.2/lib/presentation/home_page_screen)
2024-01-13 11:59:46.818 [pool-3-thread-1] INFO  com.rs.mv.mvvs.client.catalog.from.scan.CurrentPathScanner - [client:400205]scan file in current open file directory(C:/Users/LENOVO/Downloads/bdc-v1.0.2/lib/presentation/profile_screen)
2024-01-13 12:09:47.671 [pool-3-thread-1] INFO  com.rs.mv.mvvs.client.catalog.from.scan.CurrentPathScanner - [client:400205]scan file in current open file directory(C:/Users/LENOVO/Downloads/bdc-v1.0.2/lib/presentation/sign_up_screen)
2024-01-13 12:11:26.962 [pool-3-thread-1] INFO  com.rs.mv.mvvs.client.catalog.from.scan.CurrentPathScanner - [client:400205]scan file in current open file directory(C:/Users/LENOVO/Downloads/bdc-v1.0.2/lib/routes)
2024-01-13 12:11:37.171 [pool-3-thread-1] INFO  com.rs.mv.mvvs.client.catalog.from.scan.CurrentPathScanner - [client:400205]scan file in current open file directory(C:/Users/LENOVO/Downloads/bdc-v1.0.2/lib/presentation/rewards_screen)
2024-01-13 12:11:39.245 [pool-3-thread-1] INFO  com.rs.mv.mvvs.client.catalog.from.scan.CurrentPathScanner - [client:400205]scan file in current open file directory(C:/Users/LENOVO/Downloads/bdc-v1.0.2/lib/presentation/sign_up_screen)
2024-01-13 12:12:16.792 [pool-3-thread-1] INFO  com.rs.mv.mvvs.client.catalog.from.scan.CurrentPathScanner - [client:400205]scan file in current open file directory(C:/Users/LENOVO/Downloads/bdc-v1.0.2/lib/presentation/rewards_screen)
2024-01-13 12:12:18.637 [pool-3-thread-1] INFO  com.rs.mv.mvvs.client.catalog.from.scan.CurrentPathScanner - [client:400205]scan file in current open file directory(C:/Users/LENOVO/Downloads/bdc-v1.0.2/lib/presentation/home_page_screen)
2024-01-13 12:12:27.821 [pool-3-thread-1] INFO  com.rs.mv.mvvs.client.catalog.from.scan.CurrentPathScanner - [client:400205]scan file in current open file directory(C:/Users/LENOVO/Downloads/bdc-v1.0.2/lib/presentation/sign_up_screen)
2024-01-13 12:12:31.864 [pool-3-thread-1] INFO  com.rs.mv.mvvs.client.catalog.from.scan.CurrentPathScanner - [client:400205]scan file in current open file directory(C:/Users/LENOVO/Downloads/bdc-v1.0.2/lib/presentation/home_page_screen)
2024-01-13 12:12:35.746 [pool-3-thread-1] INFO  com.rs.mv.mvvs.client.catalog.from.scan.CurrentPathScanner - [client:400205]scan file in current open file directory(C:/Users/LENOVO/Downloads/bdc-v1.0.2/lib/presentation/profile_screen)
2024-01-13 12:12:39.710 [pool-3-thread-1] INFO  com.rs.mv.mvvs.client.catalog.from.scan.CurrentPathScanner - [client:400205]scan file in current open file directory(C:/Users/LENOVO/Downloads/bdc-v1.0.2/lib/presentation/rewards_screen)
2024-01-13 12:12:51.833 [pool-3-thread-1] INFO  com.rs.mv.mvvs.client.catalog.from.scan.CurrentPathScanner - [client:400205]scan file in current open file directory(C:/Users/LENOVO/Downloads/bdc-v1.0.2/lib/presentation/rewards_screen)
2024-01-13 12:13:18.791 [pool-3-thread-1] INFO  com.rs.mv.mvvs.client.catalog.from.scan.CurrentPathScanner - [client:400205]scan file in current open file directory(C:/Users/LENOVO/Downloads/bdc-v1.0.2/lib/presentation/home_page_screen)
2024-01-13 12:14:10.487 [pool-3-thread-1] INFO  com.rs.mv.mvvs.client.catalog.from.scan.CurrentPathScanner - [client:400205]scan file in current open file directory(C:/Users/LENOVO/Downloads/bdc-v1.0.2/lib/presentation/rewards_screen)
2024-01-13 12:14:15.097 [pool-3-thread-1] INFO  com.rs.mv.mvvs.client.catalog.from.scan.CurrentPathScanner - [client:400205]scan file in current open file directory(C:/Users/LENOVO/Downloads/bdc-v1.0.2/lib/presentation/rewards_screen)
2024-01-13 12:14:29.868 [pool-3-thread-1] INFO  com.rs.mv.mvvs.client.catalog.from.scan.CurrentPathScanner - [client:400205]scan file in current open file directory(C:/Users/LENOVO/Downloads/bdc-v1.0.2/lib/presentation/rewards_screen)
